============<<<Semantic Warning:AiCommand>>>============
F:\OpenSource\CSharpGameFramework_local\App\ClientModule\Cs2LuaScript\AiUtility\AiCommand.cs(3,1): hidden CS8019: Unnecessary using directive.
F:\OpenSource\CSharpGameFramework_local\App\ClientModule\Cs2LuaScript\AiUtility\AiCommand.cs(5,1): hidden CS8019: Unnecessary using directive.
F:\OpenSource\CSharpGameFramework_local\App\ClientModule\Cs2LuaScript\AiUtility\AiCommand.cs(4,1): hidden CS8019: Unnecessary using directive.
============<<<Semantic Warning:AiLogicUtility>>>============
F:\OpenSource\CSharpGameFramework_local\App\ClientModule\Cs2LuaScript\AiUtility\AiLogicUtility.cs(3,1): hidden CS8019: Unnecessary using directive.
F:\OpenSource\CSharpGameFramework_local\App\ClientModule\Cs2LuaScript\AiUtility\AiLogicUtility.cs(2,1): hidden CS8019: Unnecessary using directive.
F:\OpenSource\CSharpGameFramework_local\App\ClientModule\Cs2LuaScript\AiUtility\AiLogicUtility.cs(1,1): hidden CS8019: Unnecessary using directive.
============<<<Semantic Warning:HandlerRegister>>>============
F:\OpenSource\CSharpGameFramework_local\App\ClientModule\Cs2LuaScript\Handler\HandlerRegister.cs(1,1): hidden CS8019: Unnecessary using directive.
F:\OpenSource\CSharpGameFramework_local\App\ClientModule\Cs2LuaScript\Handler\HandlerRegister.cs(4,1): hidden CS8019: Unnecessary using directive.
F:\OpenSource\CSharpGameFramework_local\App\ClientModule\Cs2LuaScript\Handler\HandlerRegister.cs(3,1): hidden CS8019: Unnecessary using directive.
============<<<Semantic Warning:SkillHandler>>>============
F:\OpenSource\CSharpGameFramework_local\App\ClientModule\Cs2LuaScript\Handler\SkillHandler.cs(5,1): hidden CS8019: Unnecessary using directive.
F:\OpenSource\CSharpGameFramework_local\App\ClientModule\Cs2LuaScript\Handler\SkillHandler.cs(2,1): hidden CS8019: Unnecessary using directive.
F:\OpenSource\CSharpGameFramework_local\App\ClientModule\Cs2LuaScript\Handler\SkillHandler.cs(1,1): hidden CS8019: Unnecessary using directive.
F:\OpenSource\CSharpGameFramework_local\App\ClientModule\Cs2LuaScript\Handler\SkillHandler.cs(4,1): hidden CS8019: Unnecessary using directive.
F:\OpenSource\CSharpGameFramework_local\App\ClientModule\Cs2LuaScript\Handler\SkillHandler.cs(3,1): hidden CS8019: Unnecessary using directive.
============<<<Semantic Warning:Program>>>============
F:\OpenSource\CSharpGameFramework_local\App\ClientModule\Cs2LuaScript\Program.cs(2,1): hidden CS8019: Unnecessary using directive.
F:\OpenSource\CSharpGameFramework_local\App\ClientModule\Cs2LuaScript\Program.cs(1,1): hidden CS8019: Unnecessary using directive.
F:\OpenSource\CSharpGameFramework_local\App\ClientModule\Cs2LuaScript\Program.cs(3,1): hidden CS8019: Unnecessary using directive.
============<<<Semantic Warning:BulletManager>>>============
F:\OpenSource\CSharpGameFramework_local\App\ClientModule\Cs2LuaScript\Skill\BulletManager.cs(6,1): hidden CS8019: Unnecessary using directive.
F:\OpenSource\CSharpGameFramework_local\App\ClientModule\Cs2LuaScript\Skill\BulletManager.cs(7,1): hidden CS8019: Unnecessary using directive.
F:\OpenSource\CSharpGameFramework_local\App\ClientModule\Cs2LuaScript\Skill\BulletManager.cs(9,1): hidden CS8019: Unnecessary using directive.
F:\OpenSource\CSharpGameFramework_local\App\ClientModule\Cs2LuaScript\Skill\BulletManager.cs(3,1): hidden CS8019: Unnecessary using directive.
F:\OpenSource\CSharpGameFramework_local\App\ClientModule\Cs2LuaScript\Skill\BulletManager.cs(4,1): hidden CS8019: Unnecessary using directive.
F:\OpenSource\CSharpGameFramework_local\App\ClientModule\Cs2LuaScript\Skill\BulletManager.cs(8,1): hidden CS8019: Unnecessary using directive.
============<<<Semantic Warning:SkillTriggerRegister>>>============
F:\OpenSource\CSharpGameFramework_local\App\ClientModule\Cs2LuaScript\Skill\SkillTriggerRegister.cs(4,1): hidden CS8019: Unnecessary using directive.
F:\OpenSource\CSharpGameFramework_local\App\ClientModule\Cs2LuaScript\Skill\SkillTriggerRegister.cs(1,1): hidden CS8019: Unnecessary using directive.
F:\OpenSource\CSharpGameFramework_local\App\ClientModule\Cs2LuaScript\Skill\SkillTriggerRegister.cs(3,1): hidden CS8019: Unnecessary using directive.
F:\OpenSource\CSharpGameFramework_local\App\ClientModule\Cs2LuaScript\Skill\SkillTriggerRegister.cs(2,1): hidden CS8019: Unnecessary using directive.
============<<<Semantic Warning:Track2>>>============
F:\OpenSource\CSharpGameFramework_local\App\ClientModule\Cs2LuaScript\Skill\Track2.cs(3,1): hidden CS8019: Unnecessary using directive.
F:\OpenSource\CSharpGameFramework_local\App\ClientModule\Cs2LuaScript\Skill\Track2.cs(4,1): hidden CS8019: Unnecessary using directive.
============<<<Semantic Warning:TrackBullet>>>============
F:\OpenSource\CSharpGameFramework_local\App\ClientModule\Cs2LuaScript\Skill\TrackBullet.cs(3,1): hidden CS8019: Unnecessary using directive.
F:\OpenSource\CSharpGameFramework_local\App\ClientModule\Cs2LuaScript\Skill\TrackBullet.cs(4,1): hidden CS8019: Unnecessary using directive.
============<<<Semantic Warning:Startup>>>============
F:\OpenSource\CSharpGameFramework_local\App\ClientModule\Cs2LuaScript\Startup.cs(3,1): hidden CS8019: Unnecessary using directive.
F:\OpenSource\CSharpGameFramework_local\App\ClientModule\Cs2LuaScript\Startup.cs(4,1): hidden CS8019: Unnecessary using directive.
============<<<Semantic Warning:AiCastSkill>>>============
F:\OpenSource\CSharpGameFramework_local\App\ClientModule\Cs2LuaScript\Story\AiCommand\AiCastSkill.cs(3,1): hidden CS8019: Unnecessary using directive.
F:\OpenSource\CSharpGameFramework_local\App\ClientModule\Cs2LuaScript\Story\AiCommand\AiCastSkill.cs(5,1): hidden CS8019: Unnecessary using directive.
F:\OpenSource\CSharpGameFramework_local\App\ClientModule\Cs2LuaScript\Story\AiCommand\AiCastSkill.cs(8,1): hidden CS8019: Unnecessary using directive.
F:\OpenSource\CSharpGameFramework_local\App\ClientModule\Cs2LuaScript\Story\AiCommand\AiCastSkill.cs(9,1): hidden CS8019: Unnecessary using directive.
F:\OpenSource\CSharpGameFramework_local\App\ClientModule\Cs2LuaScript\Story\AiCommand\AiCastSkill.cs(4,1): hidden CS8019: Unnecessary using directive.
============<<<Semantic Warning:AiChase>>>============
F:\OpenSource\CSharpGameFramework_local\App\ClientModule\Cs2LuaScript\Story\AiCommand\AiChase.cs(3,1): hidden CS8019: Unnecessary using directive.
F:\OpenSource\CSharpGameFramework_local\App\ClientModule\Cs2LuaScript\Story\AiCommand\AiChase.cs(1,1): hidden CS8019: Unnecessary using directive.
F:\OpenSource\CSharpGameFramework_local\App\ClientModule\Cs2LuaScript\Story\AiCommand\AiChase.cs(5,1): hidden CS8019: Unnecessary using directive.
F:\OpenSource\CSharpGameFramework_local\App\ClientModule\Cs2LuaScript\Story\AiCommand\AiChase.cs(8,1): hidden CS8019: Unnecessary using directive.
F:\OpenSource\CSharpGameFramework_local\App\ClientModule\Cs2LuaScript\Story\AiCommand\AiChase.cs(9,1): hidden CS8019: Unnecessary using directive.
F:\OpenSource\CSharpGameFramework_local\App\ClientModule\Cs2LuaScript\Story\AiCommand\AiChase.cs(4,1): hidden CS8019: Unnecessary using directive.
============<<<Semantic Warning:AiDoMember>>>============
F:\OpenSource\CSharpGameFramework_local\App\ClientModule\Cs2LuaScript\Story\AiCommand\AiDoMember.cs(3,1): hidden CS8019: Unnecessary using directive.
F:\OpenSource\CSharpGameFramework_local\App\ClientModule\Cs2LuaScript\Story\AiCommand\AiDoMember.cs(1,1): hidden CS8019: Unnecessary using directive.
F:\OpenSource\CSharpGameFramework_local\App\ClientModule\Cs2LuaScript\Story\AiCommand\AiDoMember.cs(5,1): hidden CS8019: Unnecessary using directive.
F:\OpenSource\CSharpGameFramework_local\App\ClientModule\Cs2LuaScript\Story\AiCommand\AiDoMember.cs(8,1): hidden CS8019: Unnecessary using directive.
F:\OpenSource\CSharpGameFramework_local\App\ClientModule\Cs2LuaScript\Story\AiCommand\AiDoMember.cs(9,1): hidden CS8019: Unnecessary using directive.
F:\OpenSource\CSharpGameFramework_local\App\ClientModule\Cs2LuaScript\Story\AiCommand\AiDoMember.cs(4,1): hidden CS8019: Unnecessary using directive.
============<<<Semantic Warning:AiDoNormal>>>============
F:\OpenSource\CSharpGameFramework_local\App\ClientModule\Cs2LuaScript\Story\AiCommand\AiDoNormal.cs(4,1): hidden CS8019: Unnecessary using directive.
F:\OpenSource\CSharpGameFramework_local\App\ClientModule\Cs2LuaScript\Story\AiCommand\AiDoNormal.cs(3,1): hidden CS8019: Unnecessary using directive.
F:\OpenSource\CSharpGameFramework_local\App\ClientModule\Cs2LuaScript\Story\AiCommand\AiDoNormal.cs(5,1): hidden CS8019: Unnecessary using directive.
F:\OpenSource\CSharpGameFramework_local\App\ClientModule\Cs2LuaScript\Story\AiCommand\AiDoNormal.cs(8,1): hidden CS8019: Unnecessary using directive.
F:\OpenSource\CSharpGameFramework_local\App\ClientModule\Cs2LuaScript\Story\AiCommand\AiDoNormal.cs(9,1): hidden CS8019: Unnecessary using directive.
============<<<Semantic Warning:AiGohome>>>============
F:\OpenSource\CSharpGameFramework_local\App\ClientModule\Cs2LuaScript\Story\AiCommand\AiGohome.cs(7,1): hidden CS8019: Unnecessary using directive.
F:\OpenSource\CSharpGameFramework_local\App\ClientModule\Cs2LuaScript\Story\AiCommand\AiGohome.cs(3,1): hidden CS8019: Unnecessary using directive.
F:\OpenSource\CSharpGameFramework_local\App\ClientModule\Cs2LuaScript\Story\AiCommand\AiGohome.cs(2,1): hidden CS8019: Unnecessary using directive.
F:\OpenSource\CSharpGameFramework_local\App\ClientModule\Cs2LuaScript\Story\AiCommand\AiGohome.cs(4,1): hidden CS8019: Unnecessary using directive.
F:\OpenSource\CSharpGameFramework_local\App\ClientModule\Cs2LuaScript\Story\AiCommand\AiGohome.cs(8,1): hidden CS8019: Unnecessary using directive.
============<<<Semantic Warning:AiKeepAway>>>============
F:\OpenSource\CSharpGameFramework_local\App\ClientModule\Cs2LuaScript\Story\AiCommand\AiKeepAway.cs(3,1): hidden CS8019: Unnecessary using directive.
F:\OpenSource\CSharpGameFramework_local\App\ClientModule\Cs2LuaScript\Story\AiCommand\AiKeepAway.cs(1,1): hidden CS8019: Unnecessary using directive.
F:\OpenSource\CSharpGameFramework_local\App\ClientModule\Cs2LuaScript\Story\AiCommand\AiKeepAway.cs(5,1): hidden CS8019: Unnecessary using directive.
F:\OpenSource\CSharpGameFramework_local\App\ClientModule\Cs2LuaScript\Story\AiCommand\AiKeepAway.cs(8,1): hidden CS8019: Unnecessary using directive.
F:\OpenSource\CSharpGameFramework_local\App\ClientModule\Cs2LuaScript\Story\AiCommand\AiKeepAway.cs(9,1): hidden CS8019: Unnecessary using directive.
F:\OpenSource\CSharpGameFramework_local\App\ClientModule\Cs2LuaScript\Story\AiCommand\AiKeepAway.cs(4,1): hidden CS8019: Unnecessary using directive.
============<<<Semantic Warning:AiRandMove>>>============
F:\OpenSource\CSharpGameFramework_local\App\ClientModule\Cs2LuaScript\Story\AiCommand\AiRandMove.cs(1,1): hidden CS8019: Unnecessary using directive.
F:\OpenSource\CSharpGameFramework_local\App\ClientModule\Cs2LuaScript\Story\AiCommand\AiRandMove.cs(5,1): hidden CS8019: Unnecessary using directive.
F:\OpenSource\CSharpGameFramework_local\App\ClientModule\Cs2LuaScript\Story\AiCommand\AiRandMove.cs(8,1): hidden CS8019: Unnecessary using directive.
F:\OpenSource\CSharpGameFramework_local\App\ClientModule\Cs2LuaScript\Story\AiCommand\AiRandMove.cs(9,1): hidden CS8019: Unnecessary using directive.
F:\OpenSource\CSharpGameFramework_local\App\ClientModule\Cs2LuaScript\Story\AiCommand\AiRandMove.cs(4,1): hidden CS8019: Unnecessary using directive.
F:\OpenSource\CSharpGameFramework_local\App\ClientModule\Cs2LuaScript\Story\AiCommand\AiRandMove.cs(3,1): hidden CS8019: Unnecessary using directive.
============<<<Semantic Warning:AiGetEntities>>>============
F:\OpenSource\CSharpGameFramework_local\App\ClientModule\Cs2LuaScript\Story\AiValue\AiGetEntities.cs(3,1): hidden CS8019: Unnecessary using directive.
F:\OpenSource\CSharpGameFramework_local\App\ClientModule\Cs2LuaScript\Story\AiValue\AiGetEntities.cs(1,1): hidden CS8019: Unnecessary using directive.
F:\OpenSource\CSharpGameFramework_local\App\ClientModule\Cs2LuaScript\Story\AiValue\AiGetEntities.cs(5,1): hidden CS8019: Unnecessary using directive.
F:\OpenSource\CSharpGameFramework_local\App\ClientModule\Cs2LuaScript\Story\AiValue\AiGetEntities.cs(8,1): hidden CS8019: Unnecessary using directive.
F:\OpenSource\CSharpGameFramework_local\App\ClientModule\Cs2LuaScript\Story\AiValue\AiGetEntities.cs(9,1): hidden CS8019: Unnecessary using directive.
F:\OpenSource\CSharpGameFramework_local\App\ClientModule\Cs2LuaScript\Story\AiValue\AiGetEntities.cs(2,1): hidden CS8019: Unnecessary using directive.
F:\OpenSource\CSharpGameFramework_local\App\ClientModule\Cs2LuaScript\Story\AiValue\AiGetEntities.cs(4,1): hidden CS8019: Unnecessary using directive.
============<<<Semantic Warning:AiGetSkill>>>============
F:\OpenSource\CSharpGameFramework_local\App\ClientModule\Cs2LuaScript\Story\AiValue\AiGetSkill.cs(3,1): hidden CS8019: Unnecessary using directive.
F:\OpenSource\CSharpGameFramework_local\App\ClientModule\Cs2LuaScript\Story\AiValue\AiGetSkill.cs(1,1): hidden CS8019: Unnecessary using directive.
F:\OpenSource\CSharpGameFramework_local\App\ClientModule\Cs2LuaScript\Story\AiValue\AiGetSkill.cs(5,1): hidden CS8019: Unnecessary using directive.
F:\OpenSource\CSharpGameFramework_local\App\ClientModule\Cs2LuaScript\Story\AiValue\AiGetSkill.cs(8,1): hidden CS8019: Unnecessary using directive.
F:\OpenSource\CSharpGameFramework_local\App\ClientModule\Cs2LuaScript\Story\AiValue\AiGetSkill.cs(9,1): hidden CS8019: Unnecessary using directive.
F:\OpenSource\CSharpGameFramework_local\App\ClientModule\Cs2LuaScript\Story\AiValue\AiGetSkill.cs(4,1): hidden CS8019: Unnecessary using directive.
============<<<Semantic Warning:AiGetSkills>>>============
F:\OpenSource\CSharpGameFramework_local\App\ClientModule\Cs2LuaScript\Story\AiValue\AiGetSkills.cs(4,1): hidden CS8019: Unnecessary using directive.
F:\OpenSource\CSharpGameFramework_local\App\ClientModule\Cs2LuaScript\Story\AiValue\AiGetSkills.cs(3,1): hidden CS8019: Unnecessary using directive.
F:\OpenSource\CSharpGameFramework_local\App\ClientModule\Cs2LuaScript\Story\AiValue\AiGetSkills.cs(1,1): hidden CS8019: Unnecessary using directive.
F:\OpenSource\CSharpGameFramework_local\App\ClientModule\Cs2LuaScript\Story\AiValue\AiGetSkills.cs(5,1): hidden CS8019: Unnecessary using directive.
F:\OpenSource\CSharpGameFramework_local\App\ClientModule\Cs2LuaScript\Story\AiValue\AiGetSkills.cs(8,1): hidden CS8019: Unnecessary using directive.
F:\OpenSource\CSharpGameFramework_local\App\ClientModule\Cs2LuaScript\Story\AiValue\AiGetSkills.cs(9,1): hidden CS8019: Unnecessary using directive.
============<<<Semantic Warning:AiGetTarget>>>============
F:\OpenSource\CSharpGameFramework_local\App\ClientModule\Cs2LuaScript\Story\AiValue\AiGetTarget.cs(3,1): hidden CS8019: Unnecessary using directive.
F:\OpenSource\CSharpGameFramework_local\App\ClientModule\Cs2LuaScript\Story\AiValue\AiGetTarget.cs(1,1): hidden CS8019: Unnecessary using directive.
F:\OpenSource\CSharpGameFramework_local\App\ClientModule\Cs2LuaScript\Story\AiValue\AiGetTarget.cs(5,1): hidden CS8019: Unnecessary using directive.
F:\OpenSource\CSharpGameFramework_local\App\ClientModule\Cs2LuaScript\Story\AiValue\AiGetTarget.cs(8,1): hidden CS8019: Unnecessary using directive.
F:\OpenSource\CSharpGameFramework_local\App\ClientModule\Cs2LuaScript\Story\AiValue\AiGetTarget.cs(9,1): hidden CS8019: Unnecessary using directive.
F:\OpenSource\CSharpGameFramework_local\App\ClientModule\Cs2LuaScript\Story\AiValue\AiGetTarget.cs(4,1): hidden CS8019: Unnecessary using directive.
============<<<Semantic Warning:AiNeedChase>>>============
F:\OpenSource\CSharpGameFramework_local\App\ClientModule\Cs2LuaScript\Story\AiValue\AiNeedChase.cs(3,1): hidden CS8019: Unnecessary using directive.
F:\OpenSource\CSharpGameFramework_local\App\ClientModule\Cs2LuaScript\Story\AiValue\AiNeedChase.cs(1,1): hidden CS8019: Unnecessary using directive.
F:\OpenSource\CSharpGameFramework_local\App\ClientModule\Cs2LuaScript\Story\AiValue\AiNeedChase.cs(5,1): hidden CS8019: Unnecessary using directive.
F:\OpenSource\CSharpGameFramework_local\App\ClientModule\Cs2LuaScript\Story\AiValue\AiNeedChase.cs(8,1): hidden CS8019: Unnecessary using directive.
F:\OpenSource\CSharpGameFramework_local\App\ClientModule\Cs2LuaScript\Story\AiValue\AiNeedChase.cs(9,1): hidden CS8019: Unnecessary using directive.
F:\OpenSource\CSharpGameFramework_local\App\ClientModule\Cs2LuaScript\Story\AiValue\AiNeedChase.cs(4,1): hidden CS8019: Unnecessary using directive.
============<<<Semantic Warning:AiNeedKeepAway>>>============
F:\OpenSource\CSharpGameFramework_local\App\ClientModule\Cs2LuaScript\Story\AiValue\AiNeedKeepAway.cs(3,1): hidden CS8019: Unnecessary using directive.
F:\OpenSource\CSharpGameFramework_local\App\ClientModule\Cs2LuaScript\Story\AiValue\AiNeedKeepAway.cs(1,1): hidden CS8019: Unnecessary using directive.
F:\OpenSource\CSharpGameFramework_local\App\ClientModule\Cs2LuaScript\Story\AiValue\AiNeedKeepAway.cs(5,1): hidden CS8019: Unnecessary using directive.
F:\OpenSource\CSharpGameFramework_local\App\ClientModule\Cs2LuaScript\Story\AiValue\AiNeedKeepAway.cs(8,1): hidden CS8019: Unnecessary using directive.
F:\OpenSource\CSharpGameFramework_local\App\ClientModule\Cs2LuaScript\Story\AiValue\AiNeedKeepAway.cs(9,1): hidden CS8019: Unnecessary using directive.
F:\OpenSource\CSharpGameFramework_local\App\ClientModule\Cs2LuaScript\Story\AiValue\AiNeedKeepAway.cs(4,1): hidden CS8019: Unnecessary using directive.
============<<<Semantic Warning:AiQuey>>>============
F:\OpenSource\CSharpGameFramework_local\App\ClientModule\Cs2LuaScript\Story\AiValue\AiQuey.cs(1,1): hidden CS8019: Unnecessary using directive.
F:\OpenSource\CSharpGameFramework_local\App\ClientModule\Cs2LuaScript\Story\AiValue\AiQuey.cs(5,1): hidden CS8019: Unnecessary using directive.
F:\OpenSource\CSharpGameFramework_local\App\ClientModule\Cs2LuaScript\Story\AiValue\AiQuey.cs(8,1): hidden CS8019: Unnecessary using directive.
F:\OpenSource\CSharpGameFramework_local\App\ClientModule\Cs2LuaScript\Story\AiValue\AiQuey.cs(9,1): hidden CS8019: Unnecessary using directive.
F:\OpenSource\CSharpGameFramework_local\App\ClientModule\Cs2LuaScript\Story\AiValue\AiQuey.cs(4,1): hidden CS8019: Unnecessary using directive.
F:\OpenSource\CSharpGameFramework_local\App\ClientModule\Cs2LuaScript\Story\AiValue\AiQuey.cs(6,1): hidden CS8019: Unnecessary using directive.
============<<<Semantic Warning:AiSelectSkill>>>============
F:\OpenSource\CSharpGameFramework_local\App\ClientModule\Cs2LuaScript\Story\AiValue\AiSelectSkill.cs(4,1): hidden CS8019: Unnecessary using directive.
F:\OpenSource\CSharpGameFramework_local\App\ClientModule\Cs2LuaScript\Story\AiValue\AiSelectSkill.cs(3,1): hidden CS8019: Unnecessary using directive.
F:\OpenSource\CSharpGameFramework_local\App\ClientModule\Cs2LuaScript\Story\AiValue\AiSelectSkill.cs(1,1): hidden CS8019: Unnecessary using directive.
F:\OpenSource\CSharpGameFramework_local\App\ClientModule\Cs2LuaScript\Story\AiValue\AiSelectSkill.cs(5,1): hidden CS8019: Unnecessary using directive.
F:\OpenSource\CSharpGameFramework_local\App\ClientModule\Cs2LuaScript\Story\AiValue\AiSelectSkill.cs(8,1): hidden CS8019: Unnecessary using directive.
F:\OpenSource\CSharpGameFramework_local\App\ClientModule\Cs2LuaScript\Story\AiValue\AiSelectSkill.cs(9,1): hidden CS8019: Unnecessary using directive.
============<<<Semantic Warning:AiSelectSkillByDistance>>>============
F:\OpenSource\CSharpGameFramework_local\App\ClientModule\Cs2LuaScript\Story\AiValue\AiSelectSkillByDistance.cs(9,1): hidden CS8019: Unnecessary using directive.
F:\OpenSource\CSharpGameFramework_local\App\ClientModule\Cs2LuaScript\Story\AiValue\AiSelectSkillByDistance.cs(4,1): hidden CS8019: Unnecessary using directive.
F:\OpenSource\CSharpGameFramework_local\App\ClientModule\Cs2LuaScript\Story\AiValue\AiSelectSkillByDistance.cs(3,1): hidden CS8019: Unnecessary using directive.
F:\OpenSource\CSharpGameFramework_local\App\ClientModule\Cs2LuaScript\Story\AiValue\AiSelectSkillByDistance.cs(5,1): hidden CS8019: Unnecessary using directive.
F:\OpenSource\CSharpGameFramework_local\App\ClientModule\Cs2LuaScript\Story\AiValue\AiSelectSkillByDistance.cs(8,1): hidden CS8019: Unnecessary using directive.
============<<<Semantic Warning:AiSelectTarget>>>============
F:\OpenSource\CSharpGameFramework_local\App\ClientModule\Cs2LuaScript\Story\AiValue\AiSelectTarget.cs(4,1): hidden CS8019: Unnecessary using directive.
F:\OpenSource\CSharpGameFramework_local\App\ClientModule\Cs2LuaScript\Story\AiValue\AiSelectTarget.cs(3,1): hidden CS8019: Unnecessary using directive.
F:\OpenSource\CSharpGameFramework_local\App\ClientModule\Cs2LuaScript\Story\AiValue\AiSelectTarget.cs(1,1): hidden CS8019: Unnecessary using directive.
F:\OpenSource\CSharpGameFramework_local\App\ClientModule\Cs2LuaScript\Story\AiValue\AiSelectTarget.cs(5,1): hidden CS8019: Unnecessary using directive.
F:\OpenSource\CSharpGameFramework_local\App\ClientModule\Cs2LuaScript\Story\AiValue\AiSelectTarget.cs(8,1): hidden CS8019: Unnecessary using directive.
F:\OpenSource\CSharpGameFramework_local\App\ClientModule\Cs2LuaScript\Story\AiValue\AiSelectTarget.cs(9,1): hidden CS8019: Unnecessary using directive.
============<<<Semantic Warning:StoryRegister>>>============
F:\OpenSource\CSharpGameFramework_local\App\ClientModule\Cs2LuaScript\Story\StoryRegister.cs(3,1): hidden CS8019: Unnecessary using directive.
F:\OpenSource\CSharpGameFramework_local\App\ClientModule\Cs2LuaScript\Story\StoryRegister.cs(2,1): hidden CS8019: Unnecessary using directive.
F:\OpenSource\CSharpGameFramework_local\App\ClientModule\Cs2LuaScript\Story\StoryRegister.cs(4,1): hidden CS8019: Unnecessary using directive.
F:\OpenSource\CSharpGameFramework_local\App\ClientModule\Cs2LuaScript\Story\StoryRegister.cs(1,1): hidden CS8019: Unnecessary using directive.
============<<<Semantic Warning:MiniMap>>>============
F:\OpenSource\CSharpGameFramework_local\App\ClientModule\Cs2LuaScript\UI\MiniMap.cs(4,1): hidden CS8019: Unnecessary using directive.
F:\OpenSource\CSharpGameFramework_local\App\ClientModule\Cs2LuaScript\UI\MiniMap.cs(2,1): hidden CS8019: Unnecessary using directive.
F:\OpenSource\CSharpGameFramework_local\App\ClientModule\Cs2LuaScript\UI\MiniMap.cs(3,1): hidden CS8019: Unnecessary using directive.
============<<<Semantic Warning:UiScrollInfo>>>============
F:\OpenSource\CSharpGameFramework_local\App\ClientModule\Cs2LuaScript\UI\UiScrollInfo.cs(2,1): hidden CS8019: Unnecessary using directive.
F:\OpenSource\CSharpGameFramework_local\App\ClientModule\Cs2LuaScript\UI\UiScrollInfo.cs(3,1): hidden CS8019: Unnecessary using directive.
F:\OpenSource\CSharpGameFramework_local\App\ClientModule\Cs2LuaScript\UI\UiScrollInfo.cs(4,1): hidden CS8019: Unnecessary using directive.
