============<<<Translation Error:AiLogicUtility>>>============
<<<[Log for MemberAccessExpressionSyntax]>>> [code:[ srcObj.AttackerInfos ] location: D:\GitHub\CSharpGameFramework\App\ClientModule\Cs2LuaScript\AiUtility/AiLogicUtility.cs: (94,90)-(94,110)] unsupported extern type 'System.Collections.Generic.MyDictionary_TKey_TValue|System.Int32, GameFramework.EntityInfo.AttackerInfo' from member access !
<<<[Log for MemberAccessExpressionSyntax]>>> [code:[ npc.AutoSkillIds ] location: D:\GitHub\CSharpGameFramework\App\ClientModule\Cs2LuaScript\AiUtility/AiLogicUtility.cs: (109,12)-(109,28)] unsupported extern type 'System.Collections.Generic.List_T|System.Int32' from member access !
<<<[Log for MemberAccessExpressionSyntax]>>> [code:[ npc.AutoSkillIds ] location: D:\GitHub\CSharpGameFramework\App\ClientModule\Cs2LuaScript\AiUtility/AiLogicUtility.cs: (111,46)-(111,62)] unsupported extern type 'System.Collections.Generic.List_T|System.Int32' from member access !
<<<[Log for MemberAccessExpressionSyntax]>>> [code:[ npc.AutoSkillIds ] location: D:\GitHub\CSharpGameFramework\App\ClientModule\Cs2LuaScript\AiUtility/AiLogicUtility.cs: (112,46)-(112,62)] unsupported extern type 'System.Collections.Generic.List_T|System.Int32' from member access !
<<<[Log for MemberAccessExpressionSyntax]>>> [code:[ npc.AutoSkillIds ] location: D:\GitHub\CSharpGameFramework\App\ClientModule\Cs2LuaScript\AiUtility/AiLogicUtility.cs: (117,32)-(117,48)] unsupported extern type 'System.Collections.Generic.List_T|System.Int32' from member access !
<<<[Log for MemberAccessExpressionSyntax]>>> [code:[ npc.AutoSkillIds ] location: D:\GitHub\CSharpGameFramework\App\ClientModule\Cs2LuaScript\AiUtility/AiLogicUtility.cs: (118,54)-(118,70)] unsupported extern type 'System.Collections.Generic.List_T|System.Int32' from member access !
============<<<Translation Error:Track2>>>============
<<<[Log for MemberAccessExpressionSyntax]>>> [code:[ senderObj.ConfigData.resources ] location: D:\GitHub\CSharpGameFramework\App\ClientModule\Cs2LuaScript\Skill/Track2.cs: (98,104)-(98,134)] unsupported extern type 'System.Collections.Generic.Dictionary_TKey_TValue|System.String, System.String' from member access !
============<<<Translation Error:TrackBullet>>>============
<<<[Log for MemberAccessExpressionSyntax]>>> [code:[ senderObj.ConfigData.resources ] location: D:\GitHub\CSharpGameFramework\App\ClientModule\Cs2LuaScript\Skill/TrackBullet.cs: (103,104)-(103,134)] unsupported extern type 'System.Collections.Generic.Dictionary_TKey_TValue|System.String, System.String' from member access !
<<<[Log for MemberAccessExpressionSyntax]>>> [code:[ senderObj.ConfigData.resources ] location: D:\GitHub\CSharpGameFramework\App\ClientModule\Cs2LuaScript\Skill/TrackBullet.cs: (234,55)-(234,85)] unsupported extern type 'System.Collections.Generic.Dictionary_TKey_TValue|System.String, System.String' from member access !
============<<<Translation Error:AiGetEntities>>>============
<<<[Log for MemberAccessExpressionSyntax]>>> [code:[ PluginFramework.Instance.EntityManager.Entities ] location: D:\GitHub\CSharpGameFramework\App\ClientModule\Cs2LuaScript\Story/AiValue/AiGetEntities.cs: (23,46)-(23,93)] unsupported extern type 'GameFramework.LinkedListDictionary_TKey_TValue|System.Int32, GameFramework.EntityInfo' from member access !
============<<<Translation Error:AiQuey>>>============
<<<[Log for MemberAccessExpressionSyntax]>>> [code:[ statementData.Functions ] location: D:\GitHub\CSharpGameFramework\App\ClientModule\Cs2LuaScript\Story/AiValue/AiQuey.cs: (110,28)-(110,51)] unsupported extern type 'System.Collections.Generic.List_T|Dsl.ValueOrFunctionData' from member access !
<<<[Log for MemberAccessExpressionSyntax]>>> [code:[ statementData.Functions ] location: D:\GitHub\CSharpGameFramework\App\ClientModule\Cs2LuaScript\Story/AiValue/AiQuey.cs: (111,27)-(111,50)] unsupported extern type 'System.Collections.Generic.List_T|Dsl.ValueOrFunctionData' from member access !
============<<<Translation Error:AiSelectSkillByDistance>>>============
<<<[Log for MemberAccessExpressionSyntax]>>> [code:[ npc.AutoSkillIds ] location: D:\GitHub\CSharpGameFramework\App\ClientModule\Cs2LuaScript\Story/AiValue/AiSelectSkillByDistance.cs: (35,40)-(35,56)] unsupported extern type 'System.Collections.Generic.List_T|System.Int32' from member access !
<<<[Log for MemberAccessExpressionSyntax]>>> [code:[ npc.AutoSkillIds ] location: D:\GitHub\CSharpGameFramework\App\ClientModule\Cs2LuaScript\Story/AiValue/AiSelectSkillByDistance.cs: (36,38)-(36,54)] unsupported extern type 'System.Collections.Generic.List_T|System.Int32' from member access !
